D:\documents\SLIC Superpixels\mexGenerateSuperPixel.exp
D:\documents\SLIC Superpixels\mexGenerateSuperPixel.lib
D:\DOCUMENTS\SLIC SUPERPIXELS\MEXGENERATESUPERPIXEL.MEXW64
D:\DOCUMENTS\SLIC SUPERPIXELS\MEXGENERATESUPERPIXEL.PDB
D:\documents\SLIC Superpixels\mexGenerateSuperPixel\..\mexGenerateSuperPixel.mexw64
D:\documents\SLIC Superpixels\mexGenerateSuperPixel\x64\Release\cl.command.1.tlog
D:\documents\SLIC Superpixels\mexGenerateSuperPixel\x64\Release\CL.read.1.tlog
D:\documents\SLIC Superpixels\mexGenerateSuperPixel\x64\Release\CL.write.1.tlog
D:\documents\SLIC Superpixels\mexGenerateSuperPixel\x64\Release\link.command.1.tlog
D:\documents\SLIC Superpixels\mexGenerateSuperPixel\x64\Release\link.read.1.tlog
D:\documents\SLIC Superpixels\mexGenerateSuperPixel\x64\Release\link.write.1.tlog
D:\DOCUMENTS\SLIC SUPERPIXELS\MEXGENERATESUPERPIXEL\X64\RELEASE\MAIN.OBJ
D:\DOCUMENTS\SLIC SUPERPIXELS\MEXGENERATESUPERPIXEL\X64\RELEASE\MEXGENERATESUPERPIXEL.MEXW64.INTERMEDIATE.MANIFEST
D:\documents\SLIC Superpixels\mexGenerateSuperPixel\x64\Release\mexGenerateSuperPixel.write.1.tlog
D:\documents\SLIC Superpixels\mexGenerateSuperPixel\x64\Release\mt.command.1.tlog
D:\documents\SLIC Superpixels\mexGenerateSuperPixel\x64\Release\mt.read.1.tlog
D:\documents\SLIC Superpixels\mexGenerateSuperPixel\x64\Release\mt.write.1.tlog
D:\DOCUMENTS\SLIC SUPERPIXELS\MEXGENERATESUPERPIXEL\X64\RELEASE\SLIC.OBJ
D:\DOCUMENTS\SLIC SUPERPIXELS\MEXGENERATESUPERPIXEL\X64\RELEASE\SLICMASK.OBJ
D:\DOCUMENTS\SLIC SUPERPIXELS\MEXGENERATESUPERPIXEL\X64\RELEASE\VC100.PDB
F:\0\MyOwnProgram\matlab\slic\mexGenerateSuperPixel.exp
F:\0\MyOwnProgram\matlab\slic\mexGenerateSuperPixel.lib
F:\0\MYOWNPROGRAM\MATLAB\SLIC\MEXGENERATESUPERPIXEL.MEXW64
F:\0\MYOWNPROGRAM\MATLAB\SLIC\MEXGENERATESUPERPIXEL.PDB
F:\0\MYOWNPROGRAM\MATLAB\SLIC\MEXGENERATESUPERPIXEL\X64\RELEASE\MAIN.OBJ
F:\0\MYOWNPROGRAM\MATLAB\SLIC\MEXGENERATESUPERPIXEL\X64\RELEASE\MEXGENERATESUPERPIXEL.MEXW64.INTERMEDIATE.MANIFEST
F:\0\MYOWNPROGRAM\MATLAB\SLIC\MEXGENERATESUPERPIXEL\X64\RELEASE\SLIC.OBJ
F:\0\MYOWNPROGRAM\MATLAB\SLIC\MEXGENERATESUPERPIXEL\X64\RELEASE\SLICMASK.OBJ
F:\0\MYOWNPROGRAM\MATLAB\SLIC\MEXGENERATESUPERPIXEL\X64\RELEASE\VC100.PDB
